../lib/kerberos.cc: In static member function ‘static v8::Handle<v8::Value> Kerberos::New(const v8::Arguments&)’:
../lib/kerberos.cc:79:3: error: ‘scope’ was not declared in this scope
../lib/kerberos.cc:80:1: warning: control reaches end of non-void function [-Wreturn-type]
make: *** [Release/obj.target/kerberos/lib/kerberos.o] Error 1
gyp ERR! build error 
gyp ERR! stack Error: `make` failed with exit code: 2
gyp ERR! stack     at ChildProcess.onExit (/usr/local/lib/node_modules/npm/node_modules/node-gyp/lib/build.js:267:23)
gyp ERR! stack     at ChildProcess.emit (events.js:98:17)
gyp ERR! stack     at Process.ChildProcess._handle.onexit (child_process.js:810:12)
gyp ERR! System Linux 3.6.3-amd64
gyp ERR! command "node" "/usr/local/lib/node_modules/npm/node_modules/node-gyp/bin/node-gyp.js" "rebuild"
gyp ERR! cwd /home/lan/Dropbox/final_project/website/node_modules/mongodb/node_modules/kerberos
gyp ERR! node -v v0.10.32
gyp ERR! node-gyp -v v1.0.1
gyp ERR! not ok 
